2025-04-21 05:17:05,407 - visio-relay - INFO - Starting Visio Relay Service
2025-04-21 05:17:05,407 - visio-relay - INFO - Connecting to Visio application...
2025-04-21 05:17:05,413 - visio-relay - INFO - Connected to Visio application
2025-04-21 05:17:05,413 - visio-relay - INFO - Auto-reload enabled. Monitoring directories: ['.', 'src', 'src/services']
2025-04-21 05:17:05,413 - visio-relay - INFO - Make changes to host_visio_relay.py, mcp_service.py, or visio_service.py to trigger reload
2025-04-21 05:17:42,783 - visio-relay - INFO - Starting Visio Relay Service
2025-04-21 05:17:42,783 - visio-relay - INFO - Connecting to Visio application...
2025-04-21 05:17:42,789 - visio-relay - INFO - Connected to Visio application
2025-04-21 05:17:42,789 - visio-relay - INFO - Auto-reload enabled. Monitoring directories: ['.', 'src', 'src/services']
2025-04-21 05:17:42,789 - visio-relay - INFO - Make changes to host_visio_relay.py, mcp_service.py, or visio_service.py to trigger reload
2025-04-21 05:20:01,282 - visio-relay - INFO - Starting Visio Relay Service
2025-04-21 05:20:01,282 - visio-relay - INFO - Connecting to Visio application...
2025-04-21 05:20:01,288 - visio-relay - INFO - Connected to Visio application
2025-04-21 05:20:01,288 - visio-relay - INFO - Auto-reload enabled. Monitoring directories: ['.', 'src', 'src/services']
2025-04-21 05:20:01,288 - visio-relay - INFO - Make changes to host_visio_relay.py, mcp_service.py, or visio_service.py to trigger reload
2025-04-21 05:22:21,180 - visio-relay - INFO - Starting Visio Relay Service
2025-04-21 05:22:21,180 - visio-relay - INFO - Connecting to Visio application...
2025-04-21 05:22:21,186 - visio-relay - INFO - Connected to Visio application
2025-04-21 05:22:21,186 - visio-relay - INFO - Auto-reload enabled. Monitoring directories: ['.', 'src', 'src/services']
2025-04-21 05:22:21,186 - visio-relay - INFO - Make changes to host_visio_relay.py, mcp_service.py, or visio_service.py to trigger reload
